<?xml version="1.0" encoding="UTF-8"?>
<testng-results ignored="0" total="1" passed="1" failed="0" skipped="0">
  <reporter-output>
  </reporter-output>
  <suite started-at="2024-01-21T22:41:32 EST" name="Default suite" finished-at="2024-01-21T22:41:43 EST" duration-ms="10488">
    <groups>
    </groups>
    <test started-at="2024-01-21T22:41:32 EST" name="Default test" finished-at="2024-01-21T22:41:43 EST" duration-ms="10488">
      <class name="rahulShettyAcademy.ExtentReports.ExtentReportDemo">
        <test-method is-config="true" signature="initializeExtentReport()[pri:0, instance:rahulShettyAcademy.ExtentReports.ExtentReportDemo@4802796d]" started-at="2024-01-21T22:41:32 EST" name="initializeExtentReport" finished-at="2024-01-21T22:41:33 EST" duration-ms="716" status="PASS">
          <reporter-output>
          </reporter-output>
        </test-method> <!-- initializeExtentReport -->
        <test-method signature="initialDemo()[pri:0, instance:rahulShettyAcademy.ExtentReports.ExtentReportDemo@4802796d]" started-at="2024-01-21T22:41:33 EST" name="initialDemo" finished-at="2024-01-21T22:41:43 EST" duration-ms="9653" status="PASS">
          <reporter-output>
          </reporter-output>
        </test-method> <!-- initialDemo -->
      </class> <!-- rahulShettyAcademy.ExtentReports.ExtentReportDemo -->
    </test> <!-- Default test -->
  </suite> <!-- Default suite -->
</testng-results>
